{"timestamp": "2025-10-30T19:25:15.578857", "level": "INFO", "logger": "monitoring.logger", "message": "============================================================", "module": "logger", "function": "setup_logging", "line": 230}
{"timestamp": "2025-10-30T19:25:15.579158", "level": "INFO", "logger": "monitoring.logger", "message": "Trading System Logging Initialized", "module": "logger", "function": "setup_logging", "line": 231}
{"timestamp": "2025-10-30T19:25:15.579438", "level": "INFO", "logger": "monitoring.logger", "message": "Log Directory: /Users/rajeevsingh/github/trading_app/logs/2025-10-30", "module": "logger", "function": "setup_logging", "line": 232}
{"timestamp": "2025-10-30T19:25:15.579714", "level": "INFO", "logger": "monitoring.logger", "message": "Log Level: INFO", "module": "logger", "function": "setup_logging", "line": 233}
{"timestamp": "2025-10-30T19:25:15.579985", "level": "INFO", "logger": "monitoring.logger", "message": "============================================================", "module": "logger", "function": "setup_logging", "line": 234}
{"timestamp": "2025-10-30T19:25:15.580264", "level": "INFO", "logger": "__main__", "message": "============================================================", "module": "simple_backtest", "function": "run_simple_backtest", "line": 26}
{"timestamp": "2025-10-30T19:25:15.580533", "level": "INFO", "logger": "__main__", "message": "Starting Simple Backtest Example", "module": "simple_backtest", "function": "run_simple_backtest", "line": 27}
{"timestamp": "2025-10-30T19:25:15.580801", "level": "INFO", "logger": "__main__", "message": "============================================================", "module": "simple_backtest", "function": "run_simple_backtest", "line": 28}
{"timestamp": "2025-10-30T19:25:15.593252", "level": "INFO", "logger": "__main__", "message": "Testing strategy on: AAPL, MSFT, GOOGL", "module": "simple_backtest", "function": "run_simple_backtest", "line": 42}
{"timestamp": "2025-10-30T19:25:15.593516", "level": "INFO", "logger": "__main__", "message": "\nCollecting historical data...", "module": "simple_backtest", "function": "run_simple_backtest", "line": 45}
{"timestamp": "2025-10-30T19:25:15.594046", "level": "INFO", "logger": "__main__", "message": "Fetching AAPL...", "module": "simple_backtest", "function": "run_simple_backtest", "line": 51}
{"timestamp": "2025-10-30T19:25:15.594325", "level": "INFO", "logger": "data.data_collector", "message": "Fetching AAPL data from 2025-10-23 to 2025-10-30 (interval: 5m, attempt: 1)", "module": "data_collector", "function": "fetch_historical_data", "line": 65}
{"timestamp": "2025-10-30T19:25:15.594860", "level": "INFO", "logger": "yfinance", "message": "Failed to create TzCache, reason: Error creating TzCache folder: '/Users/rajeevsingh/Library/Caches/py-yfinance' reason: [Errno 1] Operation not permitted: '/Users/rajeevsingh/Library/Caches/py-yfinance'. TzCache will not be used. Tip: You can direct cache to use a different location with 'set_tz_cache_location(mylocation)'", "module": "cache", "function": "get_db", "line": 132}
{"timestamp": "2025-10-30T19:25:15.595199", "level": "INFO", "logger": "yfinance", "message": "Failed to create CookieCache, reason: Error creating CookieCache folder: '/Users/rajeevsingh/Library/Caches/py-yfinance' reason: [Errno 1] Operation not permitted: '/Users/rajeevsingh/Library/Caches/py-yfinance'. CookieCache will not be used. Tip: You can direct cache to use a different location with 'set_tz_cache_location(mylocation)'", "module": "cache", "function": "get_db", "line": 338}
{"timestamp": "2025-10-30T19:25:15.602060", "level": "ERROR", "logger": "yfinance", "message": "Failed to get ticker 'AAPL' reason: Failed to perform, curl: (6) Could not resolve host: guce.yahoo.com. See https://curl.se/libcurl/c/libcurl-errors.html first for more details.", "module": "base", "function": "_fetch_ticker_tz", "line": 191}
{"timestamp": "2025-10-30T19:25:15.602810", "level": "ERROR", "logger": "data.data_collector", "message": "Error fetching AAPL (attempt 1): Failed to perform, curl: (6) Could not resolve host: guce.yahoo.com. See https://curl.se/libcurl/c/libcurl-errors.html first for more details.", "module": "data_collector", "function": "fetch_historical_data", "line": 90}
{"timestamp": "2025-10-30T19:25:16.609801", "level": "INFO", "logger": "data.data_collector", "message": "Fetching AAPL data from 2025-10-23 to 2025-10-30 (interval: 5m, attempt: 2)", "module": "data_collector", "function": "fetch_historical_data", "line": 65}
{"timestamp": "2025-10-30T19:25:16.614083", "level": "ERROR", "logger": "yfinance", "message": "Failed to get ticker 'AAPL' reason: Failed to perform, curl: (6) Could not resolve host: guce.yahoo.com. See https://curl.se/libcurl/c/libcurl-errors.html first for more details.", "module": "base", "function": "_fetch_ticker_tz", "line": 191}
{"timestamp": "2025-10-30T19:25:16.617573", "level": "ERROR", "logger": "data.data_collector", "message": "Error fetching AAPL (attempt 2): Failed to perform, curl: (6) Could not resolve host: guce.yahoo.com. See https://curl.se/libcurl/c/libcurl-errors.html first for more details.", "module": "data_collector", "function": "fetch_historical_data", "line": 90}
{"timestamp": "2025-10-30T19:25:18.622177", "level": "INFO", "logger": "data.data_collector", "message": "Fetching AAPL data from 2025-10-23 to 2025-10-30 (interval: 5m, attempt: 3)", "module": "data_collector", "function": "fetch_historical_data", "line": 65}
{"timestamp": "2025-10-30T19:25:18.627476", "level": "ERROR", "logger": "yfinance", "message": "Failed to get ticker 'AAPL' reason: Failed to perform, curl: (6) Could not resolve host: guce.yahoo.com. See https://curl.se/libcurl/c/libcurl-errors.html first for more details.", "module": "base", "function": "_fetch_ticker_tz", "line": 191}
{"timestamp": "2025-10-30T19:25:18.633011", "level": "ERROR", "logger": "yfinance", "message": "$AAPL: possibly delisted; no timezone found", "module": "history", "function": "history", "line": 130}
{"timestamp": "2025-10-30T19:25:18.634797", "level": "WARNING", "logger": "data.data_collector", "message": "No data returned for AAPL", "module": "data_collector", "function": "fetch_historical_data", "line": 80}
{"timestamp": "2025-10-30T19:25:18.635589", "level": "WARNING", "logger": "__main__", "message": "  No data for AAPL", "module": "simple_backtest", "function": "run_simple_backtest", "line": 65}
{"timestamp": "2025-10-30T19:25:18.636254", "level": "INFO", "logger": "__main__", "message": "Fetching MSFT...", "module": "simple_backtest", "function": "run_simple_backtest", "line": 51}
{"timestamp": "2025-10-30T19:25:18.636909", "level": "INFO", "logger": "data.data_collector", "message": "Fetching MSFT data from 2025-10-23 to 2025-10-30 (interval: 5m, attempt: 1)", "module": "data_collector", "function": "fetch_historical_data", "line": 65}
{"timestamp": "2025-10-30T19:25:18.640214", "level": "ERROR", "logger": "yfinance", "message": "Failed to get ticker 'MSFT' reason: Failed to perform, curl: (6) Could not resolve host: guce.yahoo.com. See https://curl.se/libcurl/c/libcurl-errors.html first for more details.", "module": "base", "function": "_fetch_ticker_tz", "line": 191}
{"timestamp": "2025-10-30T19:25:18.641901", "level": "ERROR", "logger": "yfinance", "message": "$MSFT: possibly delisted; no timezone found", "module": "history", "function": "history", "line": 130}
{"timestamp": "2025-10-30T19:25:18.643065", "level": "WARNING", "logger": "data.data_collector", "message": "No data returned for MSFT", "module": "data_collector", "function": "fetch_historical_data", "line": 80}
{"timestamp": "2025-10-30T19:25:18.643670", "level": "WARNING", "logger": "__main__", "message": "  No data for MSFT", "module": "simple_backtest", "function": "run_simple_backtest", "line": 65}
{"timestamp": "2025-10-30T19:25:18.644266", "level": "INFO", "logger": "__main__", "message": "Fetching GOOGL...", "module": "simple_backtest", "function": "run_simple_backtest", "line": 51}
{"timestamp": "2025-10-30T19:25:18.644891", "level": "INFO", "logger": "data.data_collector", "message": "Fetching GOOGL data from 2025-10-23 to 2025-10-30 (interval: 5m, attempt: 1)", "module": "data_collector", "function": "fetch_historical_data", "line": 65}
{"timestamp": "2025-10-30T19:25:18.646860", "level": "ERROR", "logger": "yfinance", "message": "Failed to get ticker 'GOOGL' reason: Failed to perform, curl: (6) Could not resolve host: guce.yahoo.com. See https://curl.se/libcurl/c/libcurl-errors.html first for more details.", "module": "base", "function": "_fetch_ticker_tz", "line": 191}
{"timestamp": "2025-10-30T19:25:18.647898", "level": "ERROR", "logger": "yfinance", "message": "$GOOGL: possibly delisted; no timezone found", "module": "history", "function": "history", "line": 130}
{"timestamp": "2025-10-30T19:25:18.648851", "level": "WARNING", "logger": "data.data_collector", "message": "No data returned for GOOGL", "module": "data_collector", "function": "fetch_historical_data", "line": 80}
{"timestamp": "2025-10-30T19:25:18.649380", "level": "WARNING", "logger": "__main__", "message": "  No data for GOOGL", "module": "simple_backtest", "function": "run_simple_backtest", "line": 65}
{"timestamp": "2025-10-30T19:25:18.650050", "level": "ERROR", "logger": "__main__", "message": "No data collected. Exiting.", "module": "simple_backtest", "function": "run_simple_backtest", "line": 68}
{"timestamp": "2025-10-30T19:32:24.857415", "level": "INFO", "logger": "monitoring.logger", "message": "============================================================", "module": "logger", "function": "setup_logging", "line": 230}
{"timestamp": "2025-10-30T19:32:24.857713", "level": "INFO", "logger": "monitoring.logger", "message": "Trading System Logging Initialized", "module": "logger", "function": "setup_logging", "line": 231}
{"timestamp": "2025-10-30T19:32:24.857987", "level": "INFO", "logger": "monitoring.logger", "message": "Log Directory: /Users/rajeevsingh/github/trading_app/logs/2025-10-30", "module": "logger", "function": "setup_logging", "line": 232}
{"timestamp": "2025-10-30T19:32:24.858263", "level": "INFO", "logger": "monitoring.logger", "message": "Log Level: INFO", "module": "logger", "function": "setup_logging", "line": 233}
{"timestamp": "2025-10-30T19:32:24.858538", "level": "INFO", "logger": "monitoring.logger", "message": "============================================================", "module": "logger", "function": "setup_logging", "line": 234}
{"timestamp": "2025-10-30T19:32:24.858847", "level": "INFO", "logger": "__main__", "message": "============================================================", "module": "simple_backtest", "function": "run_simple_backtest", "line": 44}
{"timestamp": "2025-10-30T19:32:24.859191", "level": "INFO", "logger": "__main__", "message": "Starting Simple Backtest Example", "module": "simple_backtest", "function": "run_simple_backtest", "line": 45}
{"timestamp": "2025-10-30T19:32:24.859502", "level": "INFO", "logger": "__main__", "message": "============================================================", "module": "simple_backtest", "function": "run_simple_backtest", "line": 46}
{"timestamp": "2025-10-30T19:32:24.872276", "level": "INFO", "logger": "__main__", "message": "Testing strategy on: AAPL, MSFT, GOOGL", "module": "simple_backtest", "function": "run_simple_backtest", "line": 60}
{"timestamp": "2025-10-30T19:32:24.872555", "level": "INFO", "logger": "__main__", "message": "\nCollecting historical data...", "module": "simple_backtest", "function": "run_simple_backtest", "line": 63}
{"timestamp": "2025-10-30T19:32:24.873094", "level": "INFO", "logger": "__main__", "message": "Fetching AAPL...", "module": "simple_backtest", "function": "run_simple_backtest", "line": 69}
{"timestamp": "2025-10-30T19:32:24.873363", "level": "INFO", "logger": "data.data_collector", "message": "Fetching AAPL data from 2025-10-23 to 2025-10-30 (interval: 5m, attempt: 1)", "module": "data_collector", "function": "fetch_historical_data", "line": 65}
{"timestamp": "2025-10-30T19:32:24.873900", "level": "INFO", "logger": "yfinance", "message": "Failed to create TzCache, reason: Error creating TzCache folder: '/Users/rajeevsingh/Library/Caches/py-yfinance' reason: [Errno 1] Operation not permitted: '/Users/rajeevsingh/Library/Caches/py-yfinance'. TzCache will not be used. Tip: You can direct cache to use a different location with 'set_tz_cache_location(mylocation)'", "module": "cache", "function": "get_db", "line": 132}
{"timestamp": "2025-10-30T19:32:24.874252", "level": "INFO", "logger": "yfinance", "message": "Failed to create CookieCache, reason: Error creating CookieCache folder: '/Users/rajeevsingh/Library/Caches/py-yfinance' reason: [Errno 1] Operation not permitted: '/Users/rajeevsingh/Library/Caches/py-yfinance'. CookieCache will not be used. Tip: You can direct cache to use a different location with 'set_tz_cache_location(mylocation)'", "module": "cache", "function": "get_db", "line": 338}
{"timestamp": "2025-10-30T19:32:24.879162", "level": "ERROR", "logger": "yfinance", "message": "Failed to get ticker 'AAPL' reason: Failed to perform, curl: (6) Could not resolve host: guce.yahoo.com. See https://curl.se/libcurl/c/libcurl-errors.html first for more details.", "module": "base", "function": "_fetch_ticker_tz", "line": 191}
{"timestamp": "2025-10-30T19:32:24.879841", "level": "ERROR", "logger": "data.data_collector", "message": "Error fetching AAPL (attempt 1): Failed to perform, curl: (6) Could not resolve host: guce.yahoo.com. See https://curl.se/libcurl/c/libcurl-errors.html first for more details.", "module": "data_collector", "function": "fetch_historical_data", "line": 90}
{"timestamp": "2025-10-30T19:32:25.887601", "level": "INFO", "logger": "data.data_collector", "message": "Fetching AAPL data from 2025-10-23 to 2025-10-30 (interval: 5m, attempt: 2)", "module": "data_collector", "function": "fetch_historical_data", "line": 65}
{"timestamp": "2025-10-30T19:32:25.892348", "level": "ERROR", "logger": "yfinance", "message": "Failed to get ticker 'AAPL' reason: Failed to perform, curl: (6) Could not resolve host: guce.yahoo.com. See https://curl.se/libcurl/c/libcurl-errors.html first for more details.", "module": "base", "function": "_fetch_ticker_tz", "line": 191}
{"timestamp": "2025-10-30T19:32:25.896644", "level": "ERROR", "logger": "data.data_collector", "message": "Error fetching AAPL (attempt 2): Failed to perform, curl: (6) Could not resolve host: guce.yahoo.com. See https://curl.se/libcurl/c/libcurl-errors.html first for more details.", "module": "data_collector", "function": "fetch_historical_data", "line": 90}
{"timestamp": "2025-10-30T19:32:27.900723", "level": "INFO", "logger": "data.data_collector", "message": "Fetching AAPL data from 2025-10-23 to 2025-10-30 (interval: 5m, attempt: 3)", "module": "data_collector", "function": "fetch_historical_data", "line": 65}
{"timestamp": "2025-10-30T19:32:27.904646", "level": "ERROR", "logger": "yfinance", "message": "Failed to get ticker 'AAPL' reason: Failed to perform, curl: (6) Could not resolve host: guce.yahoo.com. See https://curl.se/libcurl/c/libcurl-errors.html first for more details.", "module": "base", "function": "_fetch_ticker_tz", "line": 191}
{"timestamp": "2025-10-30T19:32:27.909017", "level": "ERROR", "logger": "yfinance", "message": "$AAPL: possibly delisted; no timezone found", "module": "history", "function": "history", "line": 130}
{"timestamp": "2025-10-30T19:32:27.910922", "level": "WARNING", "logger": "data.data_collector", "message": "No data returned for AAPL", "module": "data_collector", "function": "fetch_historical_data", "line": 80}
{"timestamp": "2025-10-30T19:32:27.911957", "level": "WARNING", "logger": "__main__", "message": "  Falling back to sample data for AAPL (/Users/rajeevsingh/github/trading_app/examples/sample_data/AAPL_5m.csv)", "module": "simple_backtest", "function": "load_sample_data", "line": 32}
{"timestamp": "2025-10-30T19:32:27.936617", "level": "INFO", "logger": "utils.indicators", "message": "Added all technical indicators to DataFrame", "module": "indicators", "function": "add_all_indicators", "line": 253}
{"timestamp": "2025-10-30T19:32:27.937097", "level": "INFO", "logger": "__main__", "message": "  Loaded 240 bars for AAPL", "module": "simple_backtest", "function": "run_simple_backtest", "line": 84}
{"timestamp": "2025-10-30T19:32:27.937540", "level": "INFO", "logger": "__main__", "message": "Fetching MSFT...", "module": "simple_backtest", "function": "run_simple_backtest", "line": 69}
{"timestamp": "2025-10-30T19:32:27.937968", "level": "INFO", "logger": "data.data_collector", "message": "Fetching MSFT data from 2025-10-23 to 2025-10-30 (interval: 5m, attempt: 1)", "module": "data_collector", "function": "fetch_historical_data", "line": 65}
{"timestamp": "2025-10-30T19:32:27.939846", "level": "ERROR", "logger": "yfinance", "message": "Failed to get ticker 'MSFT' reason: Failed to perform, curl: (6) Could not resolve host: guce.yahoo.com. See https://curl.se/libcurl/c/libcurl-errors.html first for more details.", "module": "base", "function": "_fetch_ticker_tz", "line": 191}
{"timestamp": "2025-10-30T19:32:27.940710", "level": "ERROR", "logger": "yfinance", "message": "$MSFT: possibly delisted; no timezone found", "module": "history", "function": "history", "line": 130}
{"timestamp": "2025-10-30T19:32:27.941538", "level": "WARNING", "logger": "data.data_collector", "message": "No data returned for MSFT", "module": "data_collector", "function": "fetch_historical_data", "line": 80}
{"timestamp": "2025-10-30T19:32:27.942030", "level": "WARNING", "logger": "__main__", "message": "  Falling back to sample data for MSFT (/Users/rajeevsingh/github/trading_app/examples/sample_data/MSFT_5m.csv)", "module": "simple_backtest", "function": "load_sample_data", "line": 32}
{"timestamp": "2025-10-30T19:32:27.948570", "level": "INFO", "logger": "utils.indicators", "message": "Added all technical indicators to DataFrame", "module": "indicators", "function": "add_all_indicators", "line": 253}
{"timestamp": "2025-10-30T19:32:27.948934", "level": "INFO", "logger": "__main__", "message": "  Loaded 240 bars for MSFT", "module": "simple_backtest", "function": "run_simple_backtest", "line": 84}
{"timestamp": "2025-10-30T19:32:27.949286", "level": "INFO", "logger": "__main__", "message": "Fetching GOOGL...", "module": "simple_backtest", "function": "run_simple_backtest", "line": 69}
{"timestamp": "2025-10-30T19:32:27.949634", "level": "INFO", "logger": "data.data_collector", "message": "Fetching GOOGL data from 2025-10-23 to 2025-10-30 (interval: 5m, attempt: 1)", "module": "data_collector", "function": "fetch_historical_data", "line": 65}
{"timestamp": "2025-10-30T19:32:27.950638", "level": "ERROR", "logger": "yfinance", "message": "Failed to get ticker 'GOOGL' reason: Failed to perform, curl: (6) Could not resolve host: guce.yahoo.com. See https://curl.se/libcurl/c/libcurl-errors.html first for more details.", "module": "base", "function": "_fetch_ticker_tz", "line": 191}
{"timestamp": "2025-10-30T19:32:27.951317", "level": "ERROR", "logger": "yfinance", "message": "$GOOGL: possibly delisted; no timezone found", "module": "history", "function": "history", "line": 130}
{"timestamp": "2025-10-30T19:32:27.951944", "level": "WARNING", "logger": "data.data_collector", "message": "No data returned for GOOGL", "module": "data_collector", "function": "fetch_historical_data", "line": 80}
{"timestamp": "2025-10-30T19:32:27.952322", "level": "WARNING", "logger": "__main__", "message": "  Falling back to sample data for GOOGL (/Users/rajeevsingh/github/trading_app/examples/sample_data/GOOGL_5m.csv)", "module": "simple_backtest", "function": "load_sample_data", "line": 32}
{"timestamp": "2025-10-30T19:32:27.958147", "level": "INFO", "logger": "utils.indicators", "message": "Added all technical indicators to DataFrame", "module": "indicators", "function": "add_all_indicators", "line": 253}
{"timestamp": "2025-10-30T19:32:27.958509", "level": "INFO", "logger": "__main__", "message": "  Loaded 240 bars for GOOGL", "module": "simple_backtest", "function": "run_simple_backtest", "line": 84}
{"timestamp": "2025-10-30T19:32:27.958846", "level": "INFO", "logger": "__main__", "message": "\n============================================================", "module": "simple_backtest", "function": "run_simple_backtest", "line": 93}
{"timestamp": "2025-10-30T19:32:27.959183", "level": "INFO", "logger": "__main__", "message": "Running Backtest Simulation", "module": "simple_backtest", "function": "run_simple_backtest", "line": 94}
{"timestamp": "2025-10-30T19:32:27.959510", "level": "INFO", "logger": "__main__", "message": "============================================================", "module": "simple_backtest", "function": "run_simple_backtest", "line": 95}
{"timestamp": "2025-10-30T19:32:27.961450", "level": "INFO", "logger": "__main__", "message": "Simulating 240 time periods...", "module": "simple_backtest", "function": "run_simple_backtest", "line": 103}
{"timestamp": "2025-10-30T19:32:28.054463", "level": "INFO", "logger": "strategy.strategy_engine", "message": "Generated BUY signal: Signal(BUY MSFT @ $177.28 - Above SMA | RSI 62.5 | Vol 1.65x | ATR 0.82)", "module": "strategy_engine", "function": "generate_signals", "line": 261}
{"timestamp": "2025-10-30T19:32:28.054795", "level": "INFO", "logger": "backtest.backtest_engine", "message": "OPEN MSFT: 5 shares @ $177.37 (SL: $175.51, TP: $179.94)", "module": "backtest_engine", "function": "open_position", "line": 198}
{"timestamp": "2025-10-30T19:32:56.015341", "level": "INFO", "logger": "monitoring.logger", "message": "============================================================", "module": "logger", "function": "setup_logging", "line": 230}
{"timestamp": "2025-10-30T19:32:56.015672", "level": "INFO", "logger": "monitoring.logger", "message": "Trading System Logging Initialized", "module": "logger", "function": "setup_logging", "line": 231}
{"timestamp": "2025-10-30T19:32:56.015939", "level": "INFO", "logger": "monitoring.logger", "message": "Log Directory: /Users/rajeevsingh/github/trading_app/logs/2025-10-30", "module": "logger", "function": "setup_logging", "line": 232}
{"timestamp": "2025-10-30T19:32:56.016202", "level": "INFO", "logger": "monitoring.logger", "message": "Log Level: INFO", "module": "logger", "function": "setup_logging", "line": 233}
{"timestamp": "2025-10-30T19:32:56.016475", "level": "INFO", "logger": "monitoring.logger", "message": "============================================================", "module": "logger", "function": "setup_logging", "line": 234}
{"timestamp": "2025-10-30T19:32:56.016758", "level": "INFO", "logger": "__main__", "message": "============================================================", "module": "simple_backtest", "function": "run_simple_backtest", "line": 44}
{"timestamp": "2025-10-30T19:32:56.017047", "level": "INFO", "logger": "__main__", "message": "Starting Simple Backtest Example", "module": "simple_backtest", "function": "run_simple_backtest", "line": 45}
{"timestamp": "2025-10-30T19:32:56.017319", "level": "INFO", "logger": "__main__", "message": "============================================================", "module": "simple_backtest", "function": "run_simple_backtest", "line": 46}
{"timestamp": "2025-10-30T19:32:56.027623", "level": "INFO", "logger": "__main__", "message": "Testing strategy on: AAPL, MSFT, GOOGL", "module": "simple_backtest", "function": "run_simple_backtest", "line": 60}
{"timestamp": "2025-10-30T19:32:56.027895", "level": "INFO", "logger": "__main__", "message": "\nCollecting historical data...", "module": "simple_backtest", "function": "run_simple_backtest", "line": 63}
{"timestamp": "2025-10-30T19:32:56.028430", "level": "INFO", "logger": "__main__", "message": "Fetching AAPL...", "module": "simple_backtest", "function": "run_simple_backtest", "line": 69}
{"timestamp": "2025-10-30T19:32:56.028712", "level": "INFO", "logger": "data.data_collector", "message": "Fetching AAPL data from 2025-10-23 to 2025-10-30 (interval: 5m, attempt: 1)", "module": "data_collector", "function": "fetch_historical_data", "line": 65}
{"timestamp": "2025-10-30T19:32:56.029258", "level": "INFO", "logger": "yfinance", "message": "Failed to create TzCache, reason: Error creating TzCache folder: '/Users/rajeevsingh/Library/Caches/py-yfinance' reason: [Errno 1] Operation not permitted: '/Users/rajeevsingh/Library/Caches/py-yfinance'. TzCache will not be used. Tip: You can direct cache to use a different location with 'set_tz_cache_location(mylocation)'", "module": "cache", "function": "get_db", "line": 132}
{"timestamp": "2025-10-30T19:32:56.029616", "level": "INFO", "logger": "yfinance", "message": "Failed to create CookieCache, reason: Error creating CookieCache folder: '/Users/rajeevsingh/Library/Caches/py-yfinance' reason: [Errno 1] Operation not permitted: '/Users/rajeevsingh/Library/Caches/py-yfinance'. CookieCache will not be used. Tip: You can direct cache to use a different location with 'set_tz_cache_location(mylocation)'", "module": "cache", "function": "get_db", "line": 338}
{"timestamp": "2025-10-30T19:32:56.034518", "level": "ERROR", "logger": "yfinance", "message": "Failed to get ticker 'AAPL' reason: Failed to perform, curl: (6) Could not resolve host: guce.yahoo.com. See https://curl.se/libcurl/c/libcurl-errors.html first for more details.", "module": "base", "function": "_fetch_ticker_tz", "line": 191}
{"timestamp": "2025-10-30T19:32:56.035248", "level": "ERROR", "logger": "data.data_collector", "message": "Error fetching AAPL (attempt 1): Failed to perform, curl: (6) Could not resolve host: guce.yahoo.com. See https://curl.se/libcurl/c/libcurl-errors.html first for more details.", "module": "data_collector", "function": "fetch_historical_data", "line": 90}
{"timestamp": "2025-10-30T19:32:57.043104", "level": "INFO", "logger": "data.data_collector", "message": "Fetching AAPL data from 2025-10-23 to 2025-10-30 (interval: 5m, attempt: 2)", "module": "data_collector", "function": "fetch_historical_data", "line": 65}
{"timestamp": "2025-10-30T19:32:57.047675", "level": "ERROR", "logger": "yfinance", "message": "Failed to get ticker 'AAPL' reason: Failed to perform, curl: (6) Could not resolve host: guce.yahoo.com. See https://curl.se/libcurl/c/libcurl-errors.html first for more details.", "module": "base", "function": "_fetch_ticker_tz", "line": 191}
{"timestamp": "2025-10-30T19:32:57.052838", "level": "ERROR", "logger": "data.data_collector", "message": "Error fetching AAPL (attempt 2): Failed to perform, curl: (6) Could not resolve host: guce.yahoo.com. See https://curl.se/libcurl/c/libcurl-errors.html first for more details.", "module": "data_collector", "function": "fetch_historical_data", "line": 90}
{"timestamp": "2025-10-30T19:32:59.061283", "level": "INFO", "logger": "data.data_collector", "message": "Fetching AAPL data from 2025-10-23 to 2025-10-30 (interval: 5m, attempt: 3)", "module": "data_collector", "function": "fetch_historical_data", "line": 65}
{"timestamp": "2025-10-30T19:32:59.066406", "level": "ERROR", "logger": "yfinance", "message": "Failed to get ticker 'AAPL' reason: Failed to perform, curl: (6) Could not resolve host: guce.yahoo.com. See https://curl.se/libcurl/c/libcurl-errors.html first for more details.", "module": "base", "function": "_fetch_ticker_tz", "line": 191}
{"timestamp": "2025-10-30T19:32:59.071350", "level": "ERROR", "logger": "yfinance", "message": "$AAPL: possibly delisted; no timezone found", "module": "history", "function": "history", "line": 130}
{"timestamp": "2025-10-30T19:32:59.073475", "level": "WARNING", "logger": "data.data_collector", "message": "No data returned for AAPL", "module": "data_collector", "function": "fetch_historical_data", "line": 80}
{"timestamp": "2025-10-30T19:32:59.074435", "level": "WARNING", "logger": "__main__", "message": "  Falling back to sample data for AAPL (/Users/rajeevsingh/github/trading_app/examples/sample_data/AAPL_5m.csv)", "module": "simple_backtest", "function": "load_sample_data", "line": 32}
{"timestamp": "2025-10-30T19:32:59.097596", "level": "INFO", "logger": "utils.indicators", "message": "Added all technical indicators to DataFrame", "module": "indicators", "function": "add_all_indicators", "line": 253}
{"timestamp": "2025-10-30T19:32:59.098170", "level": "INFO", "logger": "__main__", "message": "  Loaded 240 bars for AAPL", "module": "simple_backtest", "function": "run_simple_backtest", "line": 84}
{"timestamp": "2025-10-30T19:32:59.098661", "level": "INFO", "logger": "__main__", "message": "Fetching MSFT...", "module": "simple_backtest", "function": "run_simple_backtest", "line": 69}
{"timestamp": "2025-10-30T19:32:59.099149", "level": "INFO", "logger": "data.data_collector", "message": "Fetching MSFT data from 2025-10-23 to 2025-10-30 (interval: 5m, attempt: 1)", "module": "data_collector", "function": "fetch_historical_data", "line": 65}
{"timestamp": "2025-10-30T19:32:59.100786", "level": "ERROR", "logger": "yfinance", "message": "Failed to get ticker 'MSFT' reason: Failed to perform, curl: (6) Could not resolve host: guce.yahoo.com. See https://curl.se/libcurl/c/libcurl-errors.html first for more details.", "module": "base", "function": "_fetch_ticker_tz", "line": 191}
{"timestamp": "2025-10-30T19:32:59.101662", "level": "ERROR", "logger": "yfinance", "message": "$MSFT: possibly delisted; no timezone found", "module": "history", "function": "history", "line": 130}
{"timestamp": "2025-10-30T19:32:59.102481", "level": "WARNING", "logger": "data.data_collector", "message": "No data returned for MSFT", "module": "data_collector", "function": "fetch_historical_data", "line": 80}
{"timestamp": "2025-10-30T19:32:59.102973", "level": "WARNING", "logger": "__main__", "message": "  Falling back to sample data for MSFT (/Users/rajeevsingh/github/trading_app/examples/sample_data/MSFT_5m.csv)", "module": "simple_backtest", "function": "load_sample_data", "line": 32}
{"timestamp": "2025-10-30T19:32:59.109986", "level": "INFO", "logger": "utils.indicators", "message": "Added all technical indicators to DataFrame", "module": "indicators", "function": "add_all_indicators", "line": 253}
{"timestamp": "2025-10-30T19:32:59.110389", "level": "INFO", "logger": "__main__", "message": "  Loaded 240 bars for MSFT", "module": "simple_backtest", "function": "run_simple_backtest", "line": 84}
{"timestamp": "2025-10-30T19:32:59.110767", "level": "INFO", "logger": "__main__", "message": "Fetching GOOGL...", "module": "simple_backtest", "function": "run_simple_backtest", "line": 69}
{"timestamp": "2025-10-30T19:32:59.111132", "level": "INFO", "logger": "data.data_collector", "message": "Fetching GOOGL data from 2025-10-23 to 2025-10-30 (interval: 5m, attempt: 1)", "module": "data_collector", "function": "fetch_historical_data", "line": 65}
{"timestamp": "2025-10-30T19:32:59.112128", "level": "ERROR", "logger": "yfinance", "message": "Failed to get ticker 'GOOGL' reason: Failed to perform, curl: (6) Could not resolve host: guce.yahoo.com. See https://curl.se/libcurl/c/libcurl-errors.html first for more details.", "module": "base", "function": "_fetch_ticker_tz", "line": 191}
{"timestamp": "2025-10-30T19:32:59.112809", "level": "ERROR", "logger": "yfinance", "message": "$GOOGL: possibly delisted; no timezone found", "module": "history", "function": "history", "line": 130}
{"timestamp": "2025-10-30T19:32:59.113439", "level": "WARNING", "logger": "data.data_collector", "message": "No data returned for GOOGL", "module": "data_collector", "function": "fetch_historical_data", "line": 80}
{"timestamp": "2025-10-30T19:32:59.113813", "level": "WARNING", "logger": "__main__", "message": "  Falling back to sample data for GOOGL (/Users/rajeevsingh/github/trading_app/examples/sample_data/GOOGL_5m.csv)", "module": "simple_backtest", "function": "load_sample_data", "line": 32}
{"timestamp": "2025-10-30T19:32:59.119265", "level": "INFO", "logger": "utils.indicators", "message": "Added all technical indicators to DataFrame", "module": "indicators", "function": "add_all_indicators", "line": 253}
{"timestamp": "2025-10-30T19:32:59.119595", "level": "INFO", "logger": "__main__", "message": "  Loaded 240 bars for GOOGL", "module": "simple_backtest", "function": "run_simple_backtest", "line": 84}
{"timestamp": "2025-10-30T19:32:59.119917", "level": "INFO", "logger": "__main__", "message": "\n============================================================", "module": "simple_backtest", "function": "run_simple_backtest", "line": 93}
{"timestamp": "2025-10-30T19:32:59.120237", "level": "INFO", "logger": "__main__", "message": "Running Backtest Simulation", "module": "simple_backtest", "function": "run_simple_backtest", "line": 94}
{"timestamp": "2025-10-30T19:32:59.120564", "level": "INFO", "logger": "__main__", "message": "============================================================", "module": "simple_backtest", "function": "run_simple_backtest", "line": 95}
{"timestamp": "2025-10-30T19:32:59.122738", "level": "INFO", "logger": "__main__", "message": "Simulating 240 time periods...", "module": "simple_backtest", "function": "run_simple_backtest", "line": 103}
{"timestamp": "2025-10-30T19:32:59.217690", "level": "INFO", "logger": "strategy.strategy_engine", "message": "Generated BUY signal: Signal(BUY MSFT @ $177.28 - Above SMA | RSI 62.5 | Vol 1.65x | ATR 0.82)", "module": "strategy_engine", "function": "generate_signals", "line": 275}
{"timestamp": "2025-10-30T19:32:59.218016", "level": "INFO", "logger": "backtest.backtest_engine", "message": "OPEN MSFT: 5 shares @ $177.37 (SL: $175.51, TP: $179.94)", "module": "backtest_engine", "function": "open_position", "line": 198}
{"timestamp": "2025-10-30T19:32:59.237850", "level": "INFO", "logger": "backtest.backtest_engine", "message": "CLOSE MSFT: 5 shares @ $178.51 | P&L: $5.71 (+0.64%) | Time Stop (EOD close, 0.69%)", "module": "backtest_engine", "function": "close_position", "line": 271}
{"timestamp": "2025-10-30T19:32:59.485131", "level": "INFO", "logger": "__main__", "message": "\nClosing remaining positions...", "module": "simple_backtest", "function": "run_simple_backtest", "line": 180}
{"timestamp": "2025-10-30T19:32:59.485533", "level": "INFO", "logger": "__main__", "message": "\n============================================================", "module": "simple_backtest", "function": "run_simple_backtest", "line": 194}
{"timestamp": "2025-10-30T19:32:59.485803", "level": "INFO", "logger": "__main__", "message": "Backtest Results", "module": "simple_backtest", "function": "run_simple_backtest", "line": 195}
{"timestamp": "2025-10-30T19:32:59.486060", "level": "INFO", "logger": "__main__", "message": "============================================================", "module": "simple_backtest", "function": "run_simple_backtest", "line": 196}
{"timestamp": "2025-10-30T19:32:59.490330", "level": "INFO", "logger": "__main__", "message": "\nBacktest completed successfully!", "module": "simple_backtest", "function": "run_simple_backtest", "line": 230}
{"timestamp": "2025-10-30T20:26:11.488446", "level": "INFO", "logger": "monitoring.logger", "message": "============================================================", "module": "logger", "function": "setup_logging", "line": 230}
{"timestamp": "2025-10-30T20:26:11.488570", "level": "INFO", "logger": "monitoring.logger", "message": "Trading System Logging Initialized", "module": "logger", "function": "setup_logging", "line": 231}
{"timestamp": "2025-10-30T20:26:11.488599", "level": "INFO", "logger": "monitoring.logger", "message": "Log Directory: /Users/rajeevsingh/github/trading_app/logs/2025-10-30", "module": "logger", "function": "setup_logging", "line": 232}
{"timestamp": "2025-10-30T20:26:11.488631", "level": "INFO", "logger": "monitoring.logger", "message": "Log Level: INFO", "module": "logger", "function": "setup_logging", "line": 233}
{"timestamp": "2025-10-30T20:26:11.488654", "level": "INFO", "logger": "monitoring.logger", "message": "============================================================", "module": "logger", "function": "setup_logging", "line": 234}
{"timestamp": "2025-10-30T20:26:11.488679", "level": "INFO", "logger": "__main__", "message": "============================================================", "module": "simple_backtest", "function": "run_simple_backtest", "line": 44}
{"timestamp": "2025-10-30T20:26:11.488699", "level": "INFO", "logger": "__main__", "message": "Starting Simple Backtest Example", "module": "simple_backtest", "function": "run_simple_backtest", "line": 45}
{"timestamp": "2025-10-30T20:26:11.488728", "level": "INFO", "logger": "__main__", "message": "============================================================", "module": "simple_backtest", "function": "run_simple_backtest", "line": 46}
{"timestamp": "2025-10-30T20:26:11.496172", "level": "INFO", "logger": "__main__", "message": "Testing strategy on: AAPL, MSFT, GOOGL", "module": "simple_backtest", "function": "run_simple_backtest", "line": 60}
{"timestamp": "2025-10-30T20:26:11.496203", "level": "INFO", "logger": "__main__", "message": "\nCollecting historical data...", "module": "simple_backtest", "function": "run_simple_backtest", "line": 63}
{"timestamp": "2025-10-30T20:26:11.496226", "level": "INFO", "logger": "__main__", "message": "Fetching AAPL...", "module": "simple_backtest", "function": "run_simple_backtest", "line": 69}
{"timestamp": "2025-10-30T20:26:11.496254", "level": "INFO", "logger": "data.data_collector", "message": "Fetching AAPL data from 2025-10-23 to 2025-10-30 (interval: 5m, attempt: 1)", "module": "data_collector", "function": "fetch_historical_data", "line": 65}
{"timestamp": "2025-10-30T20:26:12.382027", "level": "INFO", "logger": "data.data_collector", "message": "Successfully fetched 390 rows for AAPL", "module": "data_collector", "function": "fetch_historical_data", "line": 86}
{"timestamp": "2025-10-30T20:26:12.384756", "level": "INFO", "logger": "utils.indicators", "message": "Added all technical indicators to DataFrame", "module": "indicators", "function": "add_all_indicators", "line": 253}
{"timestamp": "2025-10-30T20:26:12.384808", "level": "INFO", "logger": "__main__", "message": "  Loaded 390 bars for AAPL", "module": "simple_backtest", "function": "run_simple_backtest", "line": 84}
{"timestamp": "2025-10-30T20:26:12.384845", "level": "INFO", "logger": "__main__", "message": "Fetching MSFT...", "module": "simple_backtest", "function": "run_simple_backtest", "line": 69}
{"timestamp": "2025-10-30T20:26:12.384884", "level": "INFO", "logger": "data.data_collector", "message": "Fetching MSFT data from 2025-10-23 to 2025-10-30 (interval: 5m, attempt: 1)", "module": "data_collector", "function": "fetch_historical_data", "line": 65}
{"timestamp": "2025-10-30T20:26:12.559312", "level": "INFO", "logger": "data.data_collector", "message": "Successfully fetched 390 rows for MSFT", "module": "data_collector", "function": "fetch_historical_data", "line": 86}
{"timestamp": "2025-10-30T20:26:12.562964", "level": "INFO", "logger": "utils.indicators", "message": "Added all technical indicators to DataFrame", "module": "indicators", "function": "add_all_indicators", "line": 253}
{"timestamp": "2025-10-30T20:26:12.563046", "level": "INFO", "logger": "__main__", "message": "  Loaded 390 bars for MSFT", "module": "simple_backtest", "function": "run_simple_backtest", "line": 84}
{"timestamp": "2025-10-30T20:26:12.563101", "level": "INFO", "logger": "__main__", "message": "Fetching GOOGL...", "module": "simple_backtest", "function": "run_simple_backtest", "line": 69}
{"timestamp": "2025-10-30T20:26:12.563167", "level": "INFO", "logger": "data.data_collector", "message": "Fetching GOOGL data from 2025-10-23 to 2025-10-30 (interval: 5m, attempt: 1)", "module": "data_collector", "function": "fetch_historical_data", "line": 65}
{"timestamp": "2025-10-30T20:26:12.707238", "level": "INFO", "logger": "data.data_collector", "message": "Successfully fetched 390 rows for GOOGL", "module": "data_collector", "function": "fetch_historical_data", "line": 86}
{"timestamp": "2025-10-30T20:26:12.710721", "level": "INFO", "logger": "utils.indicators", "message": "Added all technical indicators to DataFrame", "module": "indicators", "function": "add_all_indicators", "line": 253}
{"timestamp": "2025-10-30T20:26:12.710817", "level": "INFO", "logger": "__main__", "message": "  Loaded 390 bars for GOOGL", "module": "simple_backtest", "function": "run_simple_backtest", "line": 84}
{"timestamp": "2025-10-30T20:26:12.710880", "level": "INFO", "logger": "__main__", "message": "\n============================================================", "module": "simple_backtest", "function": "run_simple_backtest", "line": 93}
{"timestamp": "2025-10-30T20:26:12.710932", "level": "INFO", "logger": "__main__", "message": "Running Backtest Simulation", "module": "simple_backtest", "function": "run_simple_backtest", "line": 94}
{"timestamp": "2025-10-30T20:26:12.711006", "level": "INFO", "logger": "__main__", "message": "============================================================", "module": "simple_backtest", "function": "run_simple_backtest", "line": 95}
{"timestamp": "2025-10-30T20:26:12.712977", "level": "INFO", "logger": "__main__", "message": "Simulating 390 time periods...", "module": "simple_backtest", "function": "run_simple_backtest", "line": 103}
{"timestamp": "2025-10-30T20:26:12.799949", "level": "INFO", "logger": "strategy.strategy_engine", "message": "Generated BUY signal: Signal(BUY GOOGL @ $266.54 - Above SMA | RSI 65.7 | Vol 1.34x | ATR 0.53)", "module": "strategy_engine", "function": "generate_signals", "line": 275}
{"timestamp": "2025-10-30T20:26:12.799997", "level": "INFO", "logger": "backtest.backtest_engine", "message": "OPEN GOOGL: 3 shares @ $266.67 (SL: $263.87, TP: $270.54)", "module": "backtest_engine", "function": "open_position", "line": 198}
{"timestamp": "2025-10-30T20:26:12.825423", "level": "INFO", "logger": "backtest.backtest_engine", "message": "CLOSE GOOGL: 3 shares @ $269.14 | P&L: $7.39 (+0.92%) | Time Stop (EOD close, 0.97%)", "module": "backtest_engine", "function": "close_position", "line": 271}
{"timestamp": "2025-10-30T20:26:12.916919", "level": "INFO", "logger": "strategy.strategy_engine", "message": "Generated BUY signal: Signal(BUY AAPL @ $269.43 - Above SMA | RSI 43.7 | Vol 2.11x | ATR 0.56)", "module": "strategy_engine", "function": "generate_signals", "line": 275}
{"timestamp": "2025-10-30T20:26:12.916962", "level": "INFO", "logger": "backtest.backtest_engine", "message": "OPEN AAPL: 3 shares @ $269.56 (SL: $266.74, TP: $273.47)", "module": "backtest_engine", "function": "open_position", "line": 198}
{"timestamp": "2025-10-30T20:26:12.918945", "level": "INFO", "logger": "strategy.strategy_engine", "message": "Generated BUY signal: Signal(BUY GOOGL @ $273.00 - Above SMA | RSI 49.2 | Vol 1.30x | ATR 0.68)", "module": "strategy_engine", "function": "generate_signals", "line": 275}
{"timestamp": "2025-10-30T20:26:12.918981", "level": "INFO", "logger": "backtest.backtest_engine", "message": "OPEN GOOGL: 3 shares @ $273.14 (SL: $270.27, TP: $277.09)", "module": "backtest_engine", "function": "open_position", "line": 198}
{"timestamp": "2025-10-30T20:26:12.924718", "level": "INFO", "logger": "backtest.backtest_engine", "message": "CLOSE AAPL: 3 shares @ $269.60 | P&L: $0.09 (+0.01%) | Time Stop (EOD close, 0.06%)", "module": "backtest_engine", "function": "close_position", "line": 271}
{"timestamp": "2025-10-30T20:26:12.924753", "level": "INFO", "logger": "backtest.backtest_engine", "message": "CLOSE GOOGL: 3 shares @ $274.90 | P&L: $5.30 (+0.65%) | Time Stop (EOD close, 0.70%)", "module": "backtest_engine", "function": "close_position", "line": 271}
{"timestamp": "2025-10-30T20:26:12.939227", "level": "INFO", "logger": "strategy.strategy_engine", "message": "Generated BUY signal: Signal(BUY GOOGL @ $288.79 - Above SMA | RSI 46.7 | Vol 1.38x | ATR 1.30)", "module": "strategy_engine", "function": "generate_signals", "line": 275}
{"timestamp": "2025-10-30T20:26:12.939271", "level": "INFO", "logger": "backtest.backtest_engine", "message": "OPEN GOOGL: 3 shares @ $288.93 (SL: $285.90, TP: $293.12)", "module": "backtest_engine", "function": "open_position", "line": 198}
{"timestamp": "2025-10-30T20:26:12.947259", "level": "INFO", "logger": "backtest.backtest_engine", "message": "CLOSE GOOGL: 3 shares @ $285.86 | P&L: $-9.23 (-1.07%) | Stop Loss ($286.00, -1.02%)", "module": "backtest_engine", "function": "close_position", "line": 271}
{"timestamp": "2025-10-30T20:26:12.974957", "level": "INFO", "logger": "__main__", "message": "\nClosing remaining positions...", "module": "simple_backtest", "function": "run_simple_backtest", "line": 180}
{"timestamp": "2025-10-30T20:26:12.975050", "level": "INFO", "logger": "__main__", "message": "\n============================================================", "module": "simple_backtest", "function": "run_simple_backtest", "line": 194}
{"timestamp": "2025-10-30T20:26:12.975082", "level": "INFO", "logger": "__main__", "message": "Backtest Results", "module": "simple_backtest", "function": "run_simple_backtest", "line": 195}
{"timestamp": "2025-10-30T20:26:12.975100", "level": "INFO", "logger": "__main__", "message": "============================================================", "module": "simple_backtest", "function": "run_simple_backtest", "line": 196}
{"timestamp": "2025-10-30T20:26:12.978104", "level": "INFO", "logger": "__main__", "message": "\nBacktest completed successfully!", "module": "simple_backtest", "function": "run_simple_backtest", "line": 230}
